<?xml version="1.0" encoding="UTF-8"?>
<testsuite xmlns:xsi="http://www.w3.org/2001/XMLSchema-instance" xsi:noNamespaceSchemaLocation="https://maven.apache.org/surefire/maven-surefire-plugin/xsd/surefire-test-report-3.0.xsd" version="3.0" name="com.phenom.training.junit5.patterns.RepeatingTest" time="0.036" tests="100" errors="0" skipped="0" failures="0">
  <properties>
    <property name="java.specification.version" value="17"/>
    <property name="sun.jnu.encoding" value="UTF-8"/>
    <property name="java.class.path" value="/Users/risavkumarverma/code/github/code-quality-training/target/test-classes:/Users/risavkumarverma/code/github/code-quality-training/target/classes:/Users/risavkumarverma/.m2/repository/org/junit/jupiter/junit-jupiter/5.10.2/junit-jupiter-5.10.2.jar:/Users/risavkumarverma/.m2/repository/org/junit/jupiter/junit-jupiter-api/5.10.2/junit-jupiter-api-5.10.2.jar:/Users/risavkumarverma/.m2/repository/org/opentest4j/opentest4j/1.3.0/opentest4j-1.3.0.jar:/Users/risavkumarverma/.m2/repository/org/junit/platform/junit-platform-commons/1.10.2/junit-platform-commons-1.10.2.jar:/Users/risavkumarverma/.m2/repository/org/apiguardian/apiguardian-api/1.1.2/apiguardian-api-1.1.2.jar:/Users/risavkumarverma/.m2/repository/org/junit/jupiter/junit-jupiter-params/5.10.2/junit-jupiter-params-5.10.2.jar:/Users/risavkumarverma/.m2/repository/org/junit/jupiter/junit-jupiter-engine/5.10.2/junit-jupiter-engine-5.10.2.jar:/Users/risavkumarverma/.m2/repository/org/junit/platform/junit-platform-engine/1.10.2/junit-platform-engine-1.10.2.jar:/Users/risavkumarverma/.m2/repository/io/github/artsok/rerunner-jupiter/2.1.6/rerunner-jupiter-2.1.6.jar:/Users/risavkumarverma/.m2/repository/org/hamcrest/hamcrest/2.2/hamcrest-2.2.jar:/Users/risavkumarverma/.m2/repository/org/mockito/mockito-core/5.9.0/mockito-core-5.9.0.jar:/Users/risavkumarverma/.m2/repository/net/bytebuddy/byte-buddy/1.14.11/byte-buddy-1.14.11.jar:/Users/risavkumarverma/.m2/repository/net/bytebuddy/byte-buddy-agent/1.14.11/byte-buddy-agent-1.14.11.jar:/Users/risavkumarverma/.m2/repository/org/objenesis/objenesis/3.3/objenesis-3.3.jar:/Users/risavkumarverma/.m2/repository/org/mockito/mockito-junit-jupiter/5.9.0/mockito-junit-jupiter-5.9.0.jar:/Users/risavkumarverma/.m2/repository/org/junit-pioneer/junit-pioneer/2.2.0/junit-pioneer-2.2.0.jar:/Users/risavkumarverma/.m2/repository/org/junit/platform/junit-platform-launcher/1.10.2/junit-platform-launcher-1.10.2.jar:"/>
    <property name="java.vm.vendor" value="Homebrew"/>
    <property name="sun.arch.data.model" value="64"/>
    <property name="java.vendor.url" value="https://github.com/Homebrew/homebrew-core/issues"/>
    <property name="os.name" value="Mac OS X"/>
    <property name="java.vm.specification.version" value="17"/>
    <property name="sun.java.launcher" value="SUN_STANDARD"/>
    <property name="user.country" value="IN"/>
    <property name="sun.boot.library.path" value="/opt/homebrew/Cellar/openjdk@17/17.0.10/libexec/openjdk.jdk/Contents/Home/lib"/>
    <property name="sun.java.command" value="/Users/risavkumarverma/code/github/code-quality-training/target/surefire/surefirebooter-20240508102908424_3.jar /Users/risavkumarverma/code/github/code-quality-training/target/surefire 2024-05-08T10-29-08_373-jvmRun1 surefire-20240508102908424_1tmp surefire_0-20240508102908424_2tmp"/>
    <property name="jdk.debug" value="release"/>
    <property name="surefire.test.class.path" value="/Users/risavkumarverma/code/github/code-quality-training/target/test-classes:/Users/risavkumarverma/code/github/code-quality-training/target/classes:/Users/risavkumarverma/.m2/repository/org/junit/jupiter/junit-jupiter/5.10.2/junit-jupiter-5.10.2.jar:/Users/risavkumarverma/.m2/repository/org/junit/jupiter/junit-jupiter-api/5.10.2/junit-jupiter-api-5.10.2.jar:/Users/risavkumarverma/.m2/repository/org/opentest4j/opentest4j/1.3.0/opentest4j-1.3.0.jar:/Users/risavkumarverma/.m2/repository/org/junit/platform/junit-platform-commons/1.10.2/junit-platform-commons-1.10.2.jar:/Users/risavkumarverma/.m2/repository/org/apiguardian/apiguardian-api/1.1.2/apiguardian-api-1.1.2.jar:/Users/risavkumarverma/.m2/repository/org/junit/jupiter/junit-jupiter-params/5.10.2/junit-jupiter-params-5.10.2.jar:/Users/risavkumarverma/.m2/repository/org/junit/jupiter/junit-jupiter-engine/5.10.2/junit-jupiter-engine-5.10.2.jar:/Users/risavkumarverma/.m2/repository/org/junit/platform/junit-platform-engine/1.10.2/junit-platform-engine-1.10.2.jar:/Users/risavkumarverma/.m2/repository/io/github/artsok/rerunner-jupiter/2.1.6/rerunner-jupiter-2.1.6.jar:/Users/risavkumarverma/.m2/repository/org/hamcrest/hamcrest/2.2/hamcrest-2.2.jar:/Users/risavkumarverma/.m2/repository/org/mockito/mockito-core/5.9.0/mockito-core-5.9.0.jar:/Users/risavkumarverma/.m2/repository/net/bytebuddy/byte-buddy/1.14.11/byte-buddy-1.14.11.jar:/Users/risavkumarverma/.m2/repository/net/bytebuddy/byte-buddy-agent/1.14.11/byte-buddy-agent-1.14.11.jar:/Users/risavkumarverma/.m2/repository/org/objenesis/objenesis/3.3/objenesis-3.3.jar:/Users/risavkumarverma/.m2/repository/org/mockito/mockito-junit-jupiter/5.9.0/mockito-junit-jupiter-5.9.0.jar:/Users/risavkumarverma/.m2/repository/org/junit-pioneer/junit-pioneer/2.2.0/junit-pioneer-2.2.0.jar:/Users/risavkumarverma/.m2/repository/org/junit/platform/junit-platform-launcher/1.10.2/junit-platform-launcher-1.10.2.jar:"/>
    <property name="sun.cpu.endian" value="little"/>
    <property name="user.home" value="/Users/risavkumarverma"/>
    <property name="user.language" value="en"/>
    <property name="java.specification.vendor" value="Oracle Corporation"/>
    <property name="java.version.date" value="2024-01-16"/>
    <property name="java.home" value="/opt/homebrew/Cellar/openjdk@17/17.0.10/libexec/openjdk.jdk/Contents/Home"/>
    <property name="file.separator" value="/"/>
    <property name="basedir" value="/Users/risavkumarverma/code/github/code-quality-training"/>
    <property name="java.vm.compressedOopsMode" value="Zero based"/>
    <property name="line.separator" value="&#10;"/>
    <property name="java.vm.specification.vendor" value="Oracle Corporation"/>
    <property name="java.specification.name" value="Java Platform API Specification"/>
    <property name="surefire.real.class.path" value="/Users/risavkumarverma/code/github/code-quality-training/target/surefire/surefirebooter-20240508102908424_3.jar"/>
    <property name="sun.management.compiler" value="HotSpot 64-Bit Tiered Compilers"/>
    <property name="java.runtime.version" value="17.0.10+0"/>
    <property name="user.name" value="risavkumarverma"/>
    <property name="path.separator" value=":"/>
    <property name="os.version" value="14.4.1"/>
    <property name="java.runtime.name" value="OpenJDK Runtime Environment"/>
    <property name="file.encoding" value="UTF-8"/>
    <property name="java.vm.name" value="OpenJDK 64-Bit Server VM"/>
    <property name="java.vendor.version" value="Homebrew"/>
    <property name="localRepository" value="/Users/risavkumarverma/.m2/repository"/>
    <property name="java.vendor.url.bug" value="https://github.com/Homebrew/homebrew-core/issues"/>
    <property name="java.io.tmpdir" value="/var/folders/y9/m3cb9cgd031g951f96l_sq7r0000gq/T/"/>
    <property name="java.version" value="17.0.10"/>
    <property name="user.dir" value="/Users/risavkumarverma/code/github/code-quality-training"/>
    <property name="os.arch" value="aarch64"/>
    <property name="java.vm.specification.name" value="Java Virtual Machine Specification"/>
    <property name="native.encoding" value="UTF-8"/>
    <property name="java.library.path" value="/Users/risavkumarverma/Library/Java/Extensions:/Library/Java/Extensions:/Network/Library/Java/Extensions:/System/Library/Java/Extensions:/usr/lib/java:."/>
    <property name="java.vm.info" value="mixed mode, sharing"/>
    <property name="java.vendor" value="Homebrew"/>
    <property name="java.vm.version" value="17.0.10+0"/>
    <property name="sun.io.unicode.encoding" value="UnicodeBig"/>
    <property name="java.class.version" value="61.0"/>
  </properties>
  <testcase name="threadsDoNotFail" classname="com.phenom.training.junit5.patterns.RepeatingTest" time="0.0"/>
  <testcase name="threadsDoNotFail" classname="com.phenom.training.junit5.patterns.RepeatingTest" time="0.0"/>
  <testcase name="threadsDoNotFail" classname="com.phenom.training.junit5.patterns.RepeatingTest" time="0.0"/>
  <testcase name="threadsDoNotFail" classname="com.phenom.training.junit5.patterns.RepeatingTest" time="0.0"/>
  <testcase name="threadsDoNotFail" classname="com.phenom.training.junit5.patterns.RepeatingTest" time="0.001"/>
  <testcase name="threadsDoNotFail" classname="com.phenom.training.junit5.patterns.RepeatingTest" time="0.0"/>
  <testcase name="threadsDoNotFail" classname="com.phenom.training.junit5.patterns.RepeatingTest" time="0.0"/>
  <testcase name="threadsDoNotFail" classname="com.phenom.training.junit5.patterns.RepeatingTest" time="0.0"/>
  <testcase name="threadsDoNotFail" classname="com.phenom.training.junit5.patterns.RepeatingTest" time="0.0"/>
  <testcase name="threadsDoNotFail" classname="com.phenom.training.junit5.patterns.RepeatingTest" time="0.0"/>
  <testcase name="threadsDoNotFail" classname="com.phenom.training.junit5.patterns.RepeatingTest" time="0.0"/>
  <testcase name="threadsDoNotFail" classname="com.phenom.training.junit5.patterns.RepeatingTest" time="0.001"/>
  <testcase name="threadsDoNotFail" classname="com.phenom.training.junit5.patterns.RepeatingTest" time="0.0"/>
  <testcase name="threadsDoNotFail" classname="com.phenom.training.junit5.patterns.RepeatingTest" time="0.0"/>
  <testcase name="threadsDoNotFail" classname="com.phenom.training.junit5.patterns.RepeatingTest" time="0.001"/>
  <testcase name="threadsDoNotFail" classname="com.phenom.training.junit5.patterns.RepeatingTest" time="0.0"/>
  <testcase name="threadsDoNotFail" classname="com.phenom.training.junit5.patterns.RepeatingTest" time="0.001"/>
  <testcase name="threadsDoNotFail" classname="com.phenom.training.junit5.patterns.RepeatingTest" time="0.0"/>
  <testcase name="threadsDoNotFail" classname="com.phenom.training.junit5.patterns.RepeatingTest" time="0.001"/>
  <testcase name="threadsDoNotFail" classname="com.phenom.training.junit5.patterns.RepeatingTest" time="0.0"/>
  <testcase name="threadsDoNotFail" classname="com.phenom.training.junit5.patterns.RepeatingTest" time="0.001"/>
  <testcase name="threadsDoNotFail" classname="com.phenom.training.junit5.patterns.RepeatingTest" time="0.0"/>
  <testcase name="threadsDoNotFail" classname="com.phenom.training.junit5.patterns.RepeatingTest" time="0.0"/>
  <testcase name="threadsDoNotFail" classname="com.phenom.training.junit5.patterns.RepeatingTest" time="0.0"/>
  <testcase name="threadsDoNotFail" classname="com.phenom.training.junit5.patterns.RepeatingTest" time="0.0"/>
  <testcase name="threadsDoNotFail" classname="com.phenom.training.junit5.patterns.RepeatingTest" time="0.001"/>
  <testcase name="threadsDoNotFail" classname="com.phenom.training.junit5.patterns.RepeatingTest" time="0.0"/>
  <testcase name="threadsDoNotFail" classname="com.phenom.training.junit5.patterns.RepeatingTest" time="0.0"/>
  <testcase name="threadsDoNotFail" classname="com.phenom.training.junit5.patterns.RepeatingTest" time="0.001"/>
  <testcase name="threadsDoNotFail" classname="com.phenom.training.junit5.patterns.RepeatingTest" time="0.0"/>
  <testcase name="threadsDoNotFail" classname="com.phenom.training.junit5.patterns.RepeatingTest" time="0.0"/>
  <testcase name="threadsDoNotFail" classname="com.phenom.training.junit5.patterns.RepeatingTest" time="0.001"/>
  <testcase name="threadsDoNotFail" classname="com.phenom.training.junit5.patterns.RepeatingTest" time="0.0"/>
  <testcase name="threadsDoNotFail" classname="com.phenom.training.junit5.patterns.RepeatingTest" time="0.0"/>
  <testcase name="threadsDoNotFail" classname="com.phenom.training.junit5.patterns.RepeatingTest" time="0.0"/>
  <testcase name="threadsDoNotFail" classname="com.phenom.training.junit5.patterns.RepeatingTest" time="0.0"/>
  <testcase name="threadsDoNotFail" classname="com.phenom.training.junit5.patterns.RepeatingTest" time="0.001"/>
  <testcase name="threadsDoNotFail" classname="com.phenom.training.junit5.patterns.RepeatingTest" time="0.0"/>
  <testcase name="threadsDoNotFail" classname="com.phenom.training.junit5.patterns.RepeatingTest" time="0.0"/>
  <testcase name="threadsDoNotFail" classname="com.phenom.training.junit5.patterns.RepeatingTest" time="0.001"/>
  <testcase name="threadsDoNotFail" classname="com.phenom.training.junit5.patterns.RepeatingTest" time="0.0"/>
  <testcase name="threadsDoNotFail" classname="com.phenom.training.junit5.patterns.RepeatingTest" time="0.0"/>
  <testcase name="threadsDoNotFail" classname="com.phenom.training.junit5.patterns.RepeatingTest" time="0.001"/>
  <testcase name="threadsDoNotFail" classname="com.phenom.training.junit5.patterns.RepeatingTest" time="0.0"/>
  <testcase name="threadsDoNotFail" classname="com.phenom.training.junit5.patterns.RepeatingTest" time="0.0"/>
  <testcase name="threadsDoNotFail" classname="com.phenom.training.junit5.patterns.RepeatingTest" time="0.001"/>
  <testcase name="threadsDoNotFail" classname="com.phenom.training.junit5.patterns.RepeatingTest" time="0.0"/>
  <testcase name="threadsDoNotFail" classname="com.phenom.training.junit5.patterns.RepeatingTest" time="0.001"/>
  <testcase name="threadsDoNotFail" classname="com.phenom.training.junit5.patterns.RepeatingTest" time="0.0"/>
  <testcase name="threadsDoNotFail" classname="com.phenom.training.junit5.patterns.RepeatingTest" time="0.0"/>
  <testcase name="threadsDoNotFail" classname="com.phenom.training.junit5.patterns.RepeatingTest" time="0.0"/>
  <testcase name="threadsDoNotFail" classname="com.phenom.training.junit5.patterns.RepeatingTest" time="0.0"/>
  <testcase name="threadsDoNotFail" classname="com.phenom.training.junit5.patterns.RepeatingTest" time="0.0"/>
  <testcase name="threadsDoNotFail" classname="com.phenom.training.junit5.patterns.RepeatingTest" time="0.001"/>
  <testcase name="threadsDoNotFail" classname="com.phenom.training.junit5.patterns.RepeatingTest" time="0.0"/>
  <testcase name="threadsDoNotFail" classname="com.phenom.training.junit5.patterns.RepeatingTest" time="0.0"/>
  <testcase name="threadsDoNotFail" classname="com.phenom.training.junit5.patterns.RepeatingTest" time="0.0"/>
  <testcase name="threadsDoNotFail" classname="com.phenom.training.junit5.patterns.RepeatingTest" time="0.0"/>
  <testcase name="threadsDoNotFail" classname="com.phenom.training.junit5.patterns.RepeatingTest" time="0.0"/>
  <testcase name="threadsDoNotFail" classname="com.phenom.training.junit5.patterns.RepeatingTest" time="0.0"/>
  <testcase name="threadsDoNotFail" classname="com.phenom.training.junit5.patterns.RepeatingTest" time="0.0"/>
  <testcase name="threadsDoNotFail" classname="com.phenom.training.junit5.patterns.RepeatingTest" time="0.0"/>
  <testcase name="threadsDoNotFail" classname="com.phenom.training.junit5.patterns.RepeatingTest" time="0.0"/>
  <testcase name="threadsDoNotFail" classname="com.phenom.training.junit5.patterns.RepeatingTest" time="0.0"/>
  <testcase name="threadsDoNotFail" classname="com.phenom.training.junit5.patterns.RepeatingTest" time="0.0"/>
  <testcase name="threadsDoNotFail" classname="com.phenom.training.junit5.patterns.RepeatingTest" time="0.001"/>
  <testcase name="threadsDoNotFail" classname="com.phenom.training.junit5.patterns.RepeatingTest" time="0.0"/>
  <testcase name="threadsDoNotFail" classname="com.phenom.training.junit5.patterns.RepeatingTest" time="0.0"/>
  <testcase name="threadsDoNotFail" classname="com.phenom.training.junit5.patterns.RepeatingTest" time="0.0"/>
  <testcase name="threadsDoNotFail" classname="com.phenom.training.junit5.patterns.RepeatingTest" time="0.0"/>
  <testcase name="threadsDoNotFail" classname="com.phenom.training.junit5.patterns.RepeatingTest" time="0.0"/>
  <testcase name="threadsDoNotFail" classname="com.phenom.training.junit5.patterns.RepeatingTest" time="0.0"/>
  <testcase name="threadsDoNotFail" classname="com.phenom.training.junit5.patterns.RepeatingTest" time="0.001"/>
  <testcase name="threadsDoNotFail" classname="com.phenom.training.junit5.patterns.RepeatingTest" time="0.0"/>
  <testcase name="threadsDoNotFail" classname="com.phenom.training.junit5.patterns.RepeatingTest" time="0.001"/>
  <testcase name="threadsDoNotFail" classname="com.phenom.training.junit5.patterns.RepeatingTest" time="0.0"/>
  <testcase name="threadsDoNotFail" classname="com.phenom.training.junit5.patterns.RepeatingTest" time="0.001"/>
  <testcase name="threadsDoNotFail" classname="com.phenom.training.junit5.patterns.RepeatingTest" time="0.0"/>
  <testcase name="threadsDoNotFail" classname="com.phenom.training.junit5.patterns.RepeatingTest" time="0.0"/>
  <testcase name="threadsDoNotFail" classname="com.phenom.training.junit5.patterns.RepeatingTest" time="0.0"/>
  <testcase name="threadsDoNotFail" classname="com.phenom.training.junit5.patterns.RepeatingTest" time="0.0"/>
  <testcase name="threadsDoNotFail" classname="com.phenom.training.junit5.patterns.RepeatingTest" time="0.0"/>
  <testcase name="threadsDoNotFail" classname="com.phenom.training.junit5.patterns.RepeatingTest" time="0.0"/>
  <testcase name="threadsDoNotFail" classname="com.phenom.training.junit5.patterns.RepeatingTest" time="0.001"/>
  <testcase name="threadsDoNotFail" classname="com.phenom.training.junit5.patterns.RepeatingTest" time="0.0"/>
  <testcase name="threadsDoNotFail" classname="com.phenom.training.junit5.patterns.RepeatingTest" time="0.0"/>
  <testcase name="threadsDoNotFail" classname="com.phenom.training.junit5.patterns.RepeatingTest" time="0.0"/>
  <testcase name="threadsDoNotFail" classname="com.phenom.training.junit5.patterns.RepeatingTest" time="0.001"/>
  <testcase name="threadsDoNotFail" classname="com.phenom.training.junit5.patterns.RepeatingTest" time="0.0"/>
  <testcase name="threadsDoNotFail" classname="com.phenom.training.junit5.patterns.RepeatingTest" time="0.0"/>
  <testcase name="threadsDoNotFail" classname="com.phenom.training.junit5.patterns.RepeatingTest" time="0.0"/>
  <testcase name="threadsDoNotFail" classname="com.phenom.training.junit5.patterns.RepeatingTest" time="0.0"/>
  <testcase name="threadsDoNotFail" classname="com.phenom.training.junit5.patterns.RepeatingTest" time="0.0"/>
  <testcase name="threadsDoNotFail" classname="com.phenom.training.junit5.patterns.RepeatingTest" time="0.0"/>
  <testcase name="threadsDoNotFail" classname="com.phenom.training.junit5.patterns.RepeatingTest" time="0.001"/>
  <testcase name="threadsDoNotFail" classname="com.phenom.training.junit5.patterns.RepeatingTest" time="0.0"/>
  <testcase name="threadsDoNotFail" classname="com.phenom.training.junit5.patterns.RepeatingTest" time="0.0"/>
  <testcase name="threadsDoNotFail" classname="com.phenom.training.junit5.patterns.RepeatingTest" time="0.0"/>
  <testcase name="threadsDoNotFail" classname="com.phenom.training.junit5.patterns.RepeatingTest" time="0.001"/>
  <testcase name="threadsDoNotFail" classname="com.phenom.training.junit5.patterns.RepeatingTest" time="0.0"/>
</testsuite>